----------------------------------------------------------------------------------------------------
------------------------------------------- Mega-Linter --------------------------------------------
----------------------------------------------------------------------------------------------------
 - Image Creation Date: 2021-05-13T07:55:05Z
 - Image Revision: bc2cea1
 - Image Version: v4
----------------------------------------------------------------------------------------------------
The Mega-Linter documentation can be found at:
 - https://nvuillam.github.io/mega-linter
----------------------------------------------------------------------------------------------------
GITHUB_REPOSITORY: tonic-team/tonic.site
GITHUB_SHA: 881359a32a0824bdd4ddc799e745873e6233d4d8
GITHUB_TOKEN: ghs_9QcYAFnwIRVlFo0P2j8gtmyRmmWQw81O4ZsA
GITHUB_RUN_ID: 886529493


[Activation] JAVASCRIPT_ES has been set inactive, as none of these files has been found: ['.eslintrc.json', '.eslintrc.yml', '.eslintrc.yaml', '.eslintrc.js']
[Activation] JSX_ESLINT has been set inactive, as none of these files has been found: ['.eslintrc.json', '.eslintrc.yml', '.eslintrc.yaml', '.eslintrc.js']
[Activation] SWIFT_SWIFTLINT has been set inactive, as none of these files has been found: ['.swiftlint.yml']
[Activation] TSX_ESLINT has been set inactive, as none of these files has been found: ['.eslintrc.json', '.eslintrc.yml', '.eslintrc.yaml', '.eslintrc.js']
[Activation] TYPESCRIPT_ES has been set inactive, as none of these files has been found: ['.eslintrc.json', '.eslintrc.yml', '.eslintrc.yaml', '.eslintrc.js']
Skipped linters: ANSIBLE_ANSIBLE_LINT, COPYPASTE_JSCPD, JAVASCRIPT_ES, JAVASCRIPT_PRETTIER, JSX_ESLINT, KUBERNETES_KUBEVAL, MARKDOWN_REMARK_LINT, RST_RSTFMT, SALESFORCE_SFDX_SCANNER_APEX, SALESFORCE_SFDX_SCANNER_AURA, SALESFORCE_SFDX_SCANNER_LWC, SPELL_CSPELL, SPELL_MISSPELL, SWIFT_SWIFTLINT, TSX_ESLINT, TYPESCRIPT_ES, TYPESCRIPT_PRETTIER
To receive reports as email, please set variable EMAIL_REPORTER_EMAIL
Listing all files in directory [/github/workspace], then filter with:
- File extensions: , *, .R, .RMD, .Rmarkdown, .Rmd, .bash, .c, .c++, .cc, .cdxml, .clj, .cljc, .cljs, .coffee, .cpp, .cs, .css, .cu, .cuh, .cxx, .dart, .dash, .edn, .env, .feature, .go, .gradle, .graphql, .groovy, .gvy, .h, .h++, .hcl, .hh, .hpp, .htm, .html, .hxx, .java, .js, .json, .json5, .jsonc, .ksh, .kt, .kts, .lua, .md, .nf, .p6, .php, .pl, .pl6, .pm, .pm6, .pp, .proto, .ps1, .ps1xml, .psd1, .psm1, .psrc, .pssc, .py, .r, .raku, .rakumod, .rakutest, .rb, .rs, .rst, .saas, .scala, .scss, .sh, .smk, .sql, .t, .tex, .tf, .ts, .vb, .xml, .yaml, .yml
- File names (regex): Dockerfile, Jenkinsfile, Snakefile
Kept [28] files on [28] found files

+----MATCHING LINTERS---------------------+---------------------+----------------+------------+
| Descriptor   | Linter                   | Criteria            | Matching files | Format/Fix |
+--------------+--------------------------+---------------------+----------------+------------+
| EDITORCONFIG | editorconfig-checker     | *                   | 28             | no         |
| GIT          | git_diff                 |                     | project        | no         |
| HTML         | htmlhint                 | .html|.htm          | 1              | no         |
| JSON         | jsonlint                 | .json               | 4              | no         |
| JSON         | eslint-plugin-jsonc      | .json|.json5|.jsonc | 4              | yes        |
| JSON         | v8r                      | .json               | 4              | no         |
| JSON         | prettier                 | .json               | 4              | yes        |
| MARKDOWN     | markdownlint             | .md|.Rmd|.Rmarkdown | 7              | yes        |
| MARKDOWN     | markdown-link-check      | .md                 | 5              | no         |
| MARKDOWN     | markdown-table-formatter | .md                 | 5              | yes        |
| R            | lintr                    | .r|.R|.Rmd|.RMD     | 3              | no         |
| YAML         | prettier                 | .yml|.yaml          | 4              | yes        |
| YAML         | yamllint                 | .yml|.yaml          | 4              | no         |
| YAML         | v8r                      | .yml|.yaml          | 4              | no         |
+--------------+--------------------------+---------------------+----------------+------------+

Mega-Linter flavor [documentation] does not contain linters R_LINTR.
As they are not available in this docker image, they will not be processed
To solve this problem, please either: 
- use default flavor nvuillam/mega-linter
- add ignored linters in DISABLE or DISABLE_LINTERS variables in your .mega-linter.yml config file located in your root directory
- ignore this message by setting config variable FLAVOR_SUGGESTIONS to false

[1m### Processed [GIT] files[0m
- Using [git_diff v2.30.2] https://git-scm.com
- Mega-Linter key: [GIT_GIT_DIFF]
- Rules config: identified by [git_diff]
[32m✅ Linted [GIT] files with [git_diff] successfully - (0.06s)[0m
[Text Reporter] Generated TEXT report: /github/workspace/report/linters_logs/SUCCESS-GIT_GIT_DIFF.log

[1m### Processed [HTML] files[0m
- Using [htmlhint v0.14.2] https://htmlhint.com/
- Mega-Linter key: [HTML_HTMLHINT]
- Rules config: [.htmlhintrc]
[htmlhint] layouts/partials/logo.html - SUCCESS - 0 error(s)
[32m✅ Linted [HTML] files with [htmlhint] successfully - (0.49s)[0m
[Text Reporter] Generated TEXT report: /github/workspace/report/linters_logs/SUCCESS-HTML_HTMLHINT.log

[1m### Processed [JSON] files[0m
- Using [jsonlint v1.6.3] https://github.com/zaach/jsonlint
- Mega-Linter key: [JSON_JSONLINT]
- Rules config: identified by [jsonlint]
[jsonlint] .cspell.json - SUCCESS - 0 error(s)
[jsonlint] .jscpd.json - SUCCESS - 0 error(s)
[jsonlint] .vscode/extensions.json - SUCCESS - 0 error(s)
[jsonlint] .vscode/settings.json - SUCCESS - 0 error(s)
[32m✅ Linted [JSON] files with [jsonlint] successfully - (1.27s)[0m
[Text Reporter] Generated TEXT report: /github/workspace/report/linters_logs/SUCCESS-JSON_JSONLINT.log
Unable to get version for linter [eslint-plugin-jsonc]
npm list eslint-plugin-jsonc returned output: (1) /github/workspace
└── (empty)


Unable to extract version with regex re.compile('\\d+(\\.\\d+)+') from ERROR

[1m### Processed [JSON] files[0m
- Using [eslint-plugin-jsonc vERROR] https://ota-meshi.github.io/eslint-plugin-jsonc/
- Mega-Linter key: [JSON_ESLINT_PLUGIN_JSONC]
- Rules config: [.eslintrc-json.json]
[eslint-plugin-jsonc] .cspell.json
[eslint-plugin-jsonc] .jscpd.json
[eslint-plugin-jsonc] .vscode/extensions.json
[eslint-plugin-jsonc] .vscode/settings.json
[32m✅ Linted [JSON] files with [eslint-plugin-jsonc] successfully - (1.13s)[0m
[Text Reporter] Generated TEXT report: /github/workspace/report/linters_logs/SUCCESS-JSON_ESLINT_PLUGIN_JSONC.log

[1m### Processed [EDITORCONFIG] files[0m
- Using [editorconfig-checker v2.3.5] https://editorconfig-checker.github.io/
- Mega-Linter key: [EDITORCONFIG_EDITORCONFIG_CHECKER]
- Rules config: identified by [editorconfig-checker]
[editorconfig-checker] .Rprofile - SUCCESS - 0 error(s)
[editorconfig-checker] .cspell.json - SUCCESS - 0 error(s)
[editorconfig-checker] .editorconfig - SUCCESS - 0 error(s)
[editorconfig-checker] .github/workflows/mega-linter.yml - SUCCESS - 0 error(s)
[editorconfig-checker] .gitignore - SUCCESS - 0 error(s)
[editorconfig-checker] .jscpd.json - SUCCESS - 0 error(s)
[editorconfig-checker] .markdownlint.yml - SUCCESS - 0 error(s)
[editorconfig-checker] .markdownlintignore - SUCCESS - 0 error(s)
[editorconfig-checker] .mega-linter.yml - SUCCESS - 0 error(s)
[editorconfig-checker] .vscode/extensions.json - SUCCESS - 0 error(s)
[editorconfig-checker] .vscode/settings.json - SUCCESS - 0 error(s)
[editorconfig-checker] LICENSE.txt - SUCCESS - 0 error(s)
[editorconfig-checker] R/build.R - SUCCESS - 0 error(s)
[editorconfig-checker] R/build2.R - SUCCESS - 0 error(s)
[editorconfig-checker] README.md - SUCCESS - 0 error(s)
[editorconfig-checker] config.yaml - SUCCESS - 0 error(s)
[editorconfig-checker] content/_index.md - SUCCESS - 0 error(s)
[editorconfig-checker] content/about/_index.md - SUCCESS - 0 error(s)
[editorconfig-checker] content/standard/_index.Rmarkdown - SUCCESS - 0 error(s)
[editorconfig-checker] content/standard/_index.markdown - SUCCESS - 0 error(s)
[editorconfig-checker] content/standard/references.bib - SUCCESS - 0 error(s)
[editorconfig-checker] content/tooling/_index.md - SUCCESS - 0 error(s)
[editorconfig-checker] content/tooling/tonictool/index.md - SUCCESS - 0 error(s)
[editorconfig-checker] index.Rmd - SUCCESS - 0 error(s)
[editorconfig-checker] layouts/partials/logo.html - SUCCESS - 0 error(s)
[editorconfig-checker] netlify.toml - SUCCESS - 0 error(s)
[editorconfig-checker] static/images/logo.svg - SUCCESS - 0 error(s)
[editorconfig-checker] static/standard/_index_files/fig4.png - SUCCESS - 0 error(s)
[32m✅ Linted [EDITORCONFIG] files with [editorconfig-checker] successfully - (6.91s)[0m
[Text Reporter] Generated TEXT report: /github/workspace/report/linters_logs/SUCCESS-EDITORCONFIG_EDITORCONFIG_CHECKER.log

[1m### Processed [JSON] files[0m
- Using [v8r v0.5.0] https://github.com/chris48s/v8r
- Mega-Linter key: [JSON_V8R]
- Rules config: identified by [v8r]
[v8r] .cspell.json - SUCCESS - 0 error(s)
[v8r] .jscpd.json - SUCCESS - 0 error(s)
[v8r] .vscode/extensions.json - SUCCESS - 0 error(s)
[v8r] .vscode/settings.json - SUCCESS - 0 error(s)
[32m✅ Linted [JSON] files with [v8r] successfully - (2.18s)[0m
[Text Reporter] Generated TEXT report: /github/workspace/report/linters_logs/SUCCESS-JSON_V8R.log

[1m### Processed [MARKDOWN] files[0m
- Using [markdownlint v0.27.1] https://github.com/DavidAnson/markdownlint
- Mega-Linter key: [MARKDOWN_MARKDOWNLINT]
- Rules config: identified by [markdownlint]
[markdownlint] README.md
[markdownlint] content/_index.md
[markdownlint] content/about/_index.md
[36m[markdownlint] content/standard/_index.Rmarkdown - FIXED[0m
[markdownlint] content/tooling/_index.md
[markdownlint] content/tooling/tonictool/index.md
[markdownlint] index.Rmd
--Error detail:
/github/workspace/content/standard/_index.Rmarkdown:16:131 MD013/line-length Line length [Expected: 130; Actual: 249]

[33m✅ Linted [MARKDOWN] files with [markdownlint]: Found 1 non blocking error(s) - (0.42s)[0m
[Text Reporter] Generated TEXT report: /github/workspace/report/linters_logs/ERROR-MARKDOWN_MARKDOWNLINT.log

[1m### Processed [JSON] files[0m
- Using [prettier v2.3.0] https://prettier.io/
- Mega-Linter key: [JSON_PRETTIER]
- Rules config: identified by [prettier]
[prettier] .cspell.json - SUCCESS - 0 error(s)
[prettier] .jscpd.json - SUCCESS - 0 error(s)
[36m[prettier] .vscode/extensions.json - SUCCESS - 0 error(s) - FIXED[0m
[36m[prettier] .vscode/settings.json - SUCCESS - 0 error(s) - FIXED[0m
[32m✅ Linted [JSON] files with [prettier] successfully - (2.14s)[0m
[Text Reporter] Generated TEXT report: /github/workspace/report/linters_logs/SUCCESS-JSON_PRETTIER.log

[1m### Processed [YAML] files[0m
- Using [prettier v2.3.0] https://prettier.io/
- Mega-Linter key: [YAML_PRETTIER]
- Rules config: identified by [prettier]
[prettier] .github/workflows/mega-linter.yml - SUCCESS - 0 error(s)
[prettier] .markdownlint.yml - SUCCESS - 0 error(s)
[prettier] .mega-linter.yml - SUCCESS - 0 error(s)
[prettier] config.yaml - SUCCESS - 0 error(s)
[32m✅ Linted [YAML] files with [prettier] successfully - (2.27s)[0m
[Text Reporter] Generated TEXT report: /github/workspace/report/linters_logs/SUCCESS-YAML_PRETTIER.log

[1m### Processed [YAML] files[0m
- Using [yamllint v1.26.1] https://yamllint.readthedocs.io/
- Mega-Linter key: [YAML_YAMLLINT]
- Rules config: [.yaml-lint.yml]
[yamllint] .github/workflows/mega-linter.yml - SUCCESS - 0 error(s)
[yamllint] .markdownlint.yml - SUCCESS - 0 error(s)
[yamllint] .mega-linter.yml - SUCCESS - 0 error(s)
[yamllint] config.yaml - SUCCESS - 0 error(s)
[32m✅ Linted [YAML] files with [yamllint] successfully - (0.7s)[0m
[Text Reporter] Generated TEXT report: /github/workspace/report/linters_logs/SUCCESS-YAML_YAMLLINT.log

[1m### Processed [MARKDOWN] files[0m
- Using [markdown-link-check v0.0.0] https://github.com/tcort/markdown-link-check
- Mega-Linter key: [MARKDOWN_MARKDOWN_LINK_CHECK]
- Rules config: [.markdown-link-check.json]
[markdown-link-check] README.md - SUCCESS - 0 error(s)
[markdown-link-check] content/_index.md - SUCCESS - 0 error(s)
[markdown-link-check] content/about/_index.md - SUCCESS - 0 error(s)
[markdown-link-check] content/tooling/_index.md - SUCCESS - 0 error(s)
[markdown-link-check] content/tooling/tonictool/index.md - SUCCESS - 0 error(s)
[32m✅ Linted [MARKDOWN] files with [markdown-link-check] successfully - (6.61s)[0m
[Text Reporter] Generated TEXT report: /github/workspace/report/linters_logs/SUCCESS-MARKDOWN_MARKDOWN_LINK_CHECK.log

[1m### Processed [MARKDOWN] files[0m
- Using [markdown-table-formatter v1.1.0] https://www.npmjs.com/package/markdown-table-formatter
- Mega-Linter key: [MARKDOWN_MARKDOWN_TABLE_FORMATTER]
- Rules config: identified by [markdown-table-formatter]
[markdown-table-formatter] README.md
[markdown-table-formatter] content/_index.md
[markdown-table-formatter] content/about/_index.md
[markdown-table-formatter] content/tooling/_index.md
[markdown-table-formatter] content/tooling/tonictool/index.md
[32m✅ Linted [MARKDOWN] files with [markdown-table-formatter] successfully - (0.31s)[0m
[Text Reporter] Generated TEXT report: /github/workspace/report/linters_logs/SUCCESS-MARKDOWN_MARKDOWN_TABLE_FORMATTER.log

[1m### Processed [YAML] files[0m
- Using [v8r v0.5.0] https://github.com/chris48s/v8r
- Mega-Linter key: [YAML_V8R]
- Rules config: identified by [v8r]
[v8r] .github/workflows/mega-linter.yml - SUCCESS - 0 error(s)
[v8r] .markdownlint.yml - SUCCESS - 0 error(s)
[v8r] .mega-linter.yml - SUCCESS - 0 error(s)
[v8r] config.yaml - SUCCESS - 0 error(s)
[32m✅ Linted [YAML] files with [v8r] successfully - (2.62s)[0m
[Text Reporter] Generated TEXT report: /github/workspace/report/linters_logs/SUCCESS-YAML_V8R.log

+----SUMMARY------+--------------------------+---------+-------+--------+--------------+
| Descriptor      | Linter                   |   Files | Fixed | Errors | Elapsed time |
+-----------------+--------------------------+---------+-------+--------+--------------+
| ✅ EDITORCONFIG | editorconfig-checker     |      28 |       |      0 |        6.91s |
| ✅ GIT          | git_diff                 | project |       |      0 |        0.06s |
| ✅ HTML         | htmlhint                 |       1 |       |      0 |        0.49s |
| ✅ JSON         | eslint-plugin-jsonc      |       4 |     0 |      0 |        1.13s |
| ✅ JSON         | jsonlint                 |       4 |       |      0 |        1.27s |
| ✅ JSON         | prettier                 |       4 |     2 |      0 |        2.14s |
| ✅ JSON         | v8r                      |       4 |       |      0 |        2.18s |
| ◬ MARKDOWN      | markdownlint             |       7 |     1 |      1 |        0.42s |
| ✅ MARKDOWN     | markdown-link-check      |       5 |       |      0 |        6.61s |
| ✅ MARKDOWN     | markdown-table-formatter |       5 |     0 |      0 |        0.31s |
| ✅ YAML         | prettier                 |       4 |     0 |      0 |        2.27s |
| ✅ YAML         | v8r                      |       4 |       |      0 |        2.62s |
| ✅ YAML         | yamllint                 |       4 |       |      0 |         0.7s |
+-----------------+--------------------------+---------+-------+--------+--------------+

[GitHub Comment Reporter] No pull request was found, so no comment has been posted
[Updated Sources Reporter] copied 3 fixed source files in folder /github/workspace/report/updated_sources.
Download it from artifacts then copy-paste it in your local repo to apply linters updates
◬ Successfully linted all files, but with ignored errors
